TN:
SF:src/bridge_contract.sol
DA:72,7
FN:72,Bridge.constructor
FNDA:7,Bridge.constructor
DA:73,7
DA:74,7
DA:75,7
BRDA:75,0,0,-
BRDA:75,0,1,7
DA:76,7
DA:77,7
DA:78,7
DA:90,6
FN:90,Bridge.Deposit
FNDA:6,Bridge.Deposit
DA:91,6
BRDA:91,1,0,-
BRDA:91,1,1,6
DA:92,6
BRDA:92,2,0,-
BRDA:92,2,1,6
DA:94,6
DA:96,6
DA:97,6
DA:98,6
DA:100,6
DA:107,2
FN:107,Bridge.safeTransfer
FNDA:2,Bridge.safeTransfer
DA:108,2
BRDA:108,3,0,-
BRDA:108,3,1,2
DA:110,2
DA:112,2
DA:123,0
FN:123,Bridge.AddOwnLiquidity
FNDA:0,Bridge.AddOwnLiquidity
DA:124,0
BRDA:124,4,0,-
BRDA:124,4,1,-
DA:126,0
DA:128,0
DA:130,0
DA:137,6
FN:137,Bridge.AddExternalLiquidity
FNDA:6,Bridge.AddExternalLiquidity
DA:138,6
BRDA:138,5,0,-
BRDA:138,5,1,6
DA:140,6
DA:142,6
DA:149,7
FN:149,Bridge.updateFederationSyncAddress
FNDA:7,Bridge.updateFederationSyncAddress
DA:150,7
BRDA:150,6,0,-
BRDA:150,6,1,7
DA:151,7
DA:158,7
FN:158,Bridge.onlyOwner
FNDA:7,Bridge.onlyOwner
DA:159,7
DA:163,13
FN:163,Bridge._onlyOwner
FNDA:13,Bridge._onlyOwner
DA:164,13
BRDA:164,7,0,-
BRDA:164,7,1,13
FNF:8
FNH:7
LF:35
LH:30
BRF:16
BRH:7
end_of_record
TN:
SF:src/federation_contract.sol
DA:77,7
FN:77,FederationSync.constructor
FNDA:7,FederationSync.constructor
DA:83,7
BRDA:83,0,0,-
BRDA:83,0,1,7
DA:84,7
BRDA:84,1,0,-
BRDA:84,1,1,7
DA:85,7
BRDA:85,2,0,-
BRDA:85,2,1,7
DA:86,7
BRDA:86,3,0,-
BRDA:86,3,1,7
DA:87,7
DA:88,7
DA:89,7
DA:91,7
DA:92,7
DA:112,10
FN:112,FederationSync.confirmRequest
FNDA:10,FederationSync.confirmRequest
DA:113,9
BRDA:113,4,0,-
BRDA:113,4,1,9
DA:115,9
BRDA:115,5,0,4
BRDA:115,5,1,3
DA:116,4
BRDA:116,6,0,1
BRDA:116,6,1,3
DA:117,3
DA:118,3
DA:119,3
DA:120,3
DA:122,5
DA:123,5
DA:124,5
DA:125,5
DA:139,3
FN:139,FederationSync.hasConsensus
FNDA:3,FederationSync.hasConsensus
DA:141,3
BRDA:141,7,0,-
BRDA:141,7,1,3
DA:142,3
BRDA:142,8,0,-
BRDA:142,8,1,3
DA:143,3
BRDA:143,9,0,-
BRDA:143,9,1,3
DA:144,3
BRDA:144,10,0,-
BRDA:144,10,1,3
DA:145,3
BRDA:145,11,0,1
BRDA:145,11,1,2
DA:146,2
DA:147,2
DA:172,0
FN:172,FederationSync.onlyOwner
FNDA:0,FederationSync.onlyOwner
DA:173,0
BRDA:173,12,0,-
BRDA:173,12,1,-
DA:177,10
FN:177,FederationSync.onlyNode
FNDA:10,FederationSync.onlyNode
DA:178,10
BRDA:178,13,0,1
BRDA:178,13,1,9
FNF:5
FNH:4
LF:34
LH:32
BRF:28
BRH:17
end_of_record
TN:
SF:test/example_token.sol
DA:9,7
FN:9,ExampleToken.constructor
FNDA:7,ExampleToken.constructor
DA:10,7
FNF:1
FNH:1
LF:2
LH:2
BRF:0
BRH:0
end_of_record
