TN:
SF:src/bridge_contract.sol
DA:72,1
FN:72,Bridge.constructor
FNDA:1,Bridge.constructor
DA:73,1
DA:74,1
DA:75,1
BRDA:75,0,0,-
BRDA:75,0,1,1
DA:76,1
DA:77,1
DA:78,1
DA:90,0
FN:90,Bridge.Deposit
FNDA:0,Bridge.Deposit
DA:91,0
BRDA:91,1,0,-
BRDA:91,1,1,-
DA:92,0
BRDA:92,2,0,-
BRDA:92,2,1,-
DA:94,0
DA:96,0
DA:97,0
DA:98,0
DA:100,0
DA:107,0
FN:107,Bridge.Transfer
FNDA:0,Bridge.Transfer
DA:108,0
BRDA:108,3,0,-
BRDA:108,3,1,-
DA:110,0
DA:112,0
DA:123,0
FN:123,Bridge.AddOwnLiquidity
FNDA:0,Bridge.AddOwnLiquidity
DA:124,0
BRDA:124,4,0,-
BRDA:124,4,1,-
DA:126,0
DA:128,0
DA:130,0
DA:137,0
FN:137,Bridge.AddExternalLiquidity
FNDA:0,Bridge.AddExternalLiquidity
DA:138,0
BRDA:138,5,0,-
BRDA:138,5,1,-
DA:140,0
DA:142,0
DA:156,0
FN:156,Bridge.onlyOwner
FNDA:0,Bridge.onlyOwner
DA:157,0
DA:161,0
FN:161,Bridge._onlyOwner
FNDA:0,Bridge._onlyOwner
DA:162,0
BRDA:162,6,0,-
BRDA:162,6,1,-
FNF:7
FNH:1
LF:32
LH:7
BRF:14
BRH:1
end_of_record
TN:
SF:src/federation_contract.sol
DA:77,1
FN:77,FederationSync.constructor
FNDA:1,FederationSync.constructor
DA:83,1
BRDA:83,0,0,-
BRDA:83,0,1,1
DA:84,1
BRDA:84,1,0,-
BRDA:84,1,1,1
DA:85,1
BRDA:85,2,0,-
BRDA:85,2,1,1
DA:86,1
BRDA:86,3,0,-
BRDA:86,3,1,1
DA:87,1
DA:88,1
DA:89,1
DA:91,1
DA:92,1
DA:112,0
FN:112,FederationSync.confirmRequest
FNDA:0,FederationSync.confirmRequest
DA:113,0
BRDA:113,4,0,-
BRDA:113,4,1,-
DA:115,0
BRDA:115,5,0,-
BRDA:115,5,1,-
DA:116,0
BRDA:116,6,0,-
BRDA:116,6,1,-
DA:117,0
DA:118,0
DA:119,0
DA:120,0
DA:122,0
DA:123,0
DA:124,0
DA:138,0
FN:138,FederationSync.hasConsensus
FNDA:0,FederationSync.hasConsensus
DA:140,0
BRDA:140,7,0,-
BRDA:140,7,1,-
DA:141,0
BRDA:141,8,0,-
BRDA:141,8,1,-
DA:142,0
BRDA:142,9,0,-
BRDA:142,9,1,-
DA:143,0
BRDA:143,10,0,-
BRDA:143,10,1,-
DA:144,0
BRDA:144,11,0,-
BRDA:144,11,1,-
DA:145,0
DA:146,0
DA:171,0
FN:171,FederationSync.onlyOwner
FNDA:0,FederationSync.onlyOwner
DA:172,0
BRDA:172,12,0,-
BRDA:172,12,1,-
DA:176,0
FN:176,FederationSync.onlyNode
FNDA:0,FederationSync.onlyNode
DA:177,0
BRDA:177,13,0,-
BRDA:177,13,1,-
FNF:5
FNH:1
LF:33
LH:10
BRF:28
BRH:4
end_of_record
